[debug] [2022-02-11T20:05:16.439Z] ----------------------------------------------------------------------
[debug] [2022-02-11T20:05:16.442Z] Command:       C:\Program Files\nodejs\node.exe C:\Users\Dante\AppData\Roaming\npm\node_modules\firebase-tools\lib\bin\firebase.js emulators:start
[debug] [2022-02-11T20:05:16.443Z] CLI Version:   10.2.0
[debug] [2022-02-11T20:05:16.443Z] Platform:      win32
[debug] [2022-02-11T20:05:16.443Z] Node Version:  v16.13.0
[debug] [2022-02-11T20:05:16.445Z] Time:          Fri Feb 11 2022 21:05:16 GMT+0100 (Central European Standard Time)
[debug] [2022-02-11T20:05:16.445Z] ----------------------------------------------------------------------
[debug] 
[debug] [2022-02-11T20:05:16.606Z] > command requires scopes: ["email","openid","https://www.googleapis.com/auth/cloudplatformprojects.readonly","https://www.googleapis.com/auth/firebase","https://www.googleapis.com/auth/cloud-platform"]
[debug] [2022-02-11T20:05:16.606Z] > authorizing via signed-in user (zhdufirebase@gmail.com)
[info] i  emulators: Starting emulators: auth, functions, firestore {"metadata":{"emulator":{"name":"hub"},"message":"Starting emulators: auth, functions, firestore"}}
[debug] [2022-02-11T20:05:16.660Z] [hub] writing locator at C:\Users\Dante\AppData\Local\Temp\hub-zhdu-auth-143a6.json
[warn] !  functions: The following emulators are not running, calls to these services from the Functions emulator will affect production: database, hosting, pubsub, storage {"metadata":{"emulator":{"name":"functions"},"message":"The following emulators are not running, calls to these services from the Functions emulator will affect production: \u001b[1mdatabase, hosting, pubsub, storage\u001b[22m"}}
[info] +  functions: Using node@16 from host. {"metadata":{"emulator":{"name":"functions"},"message":"Using node@16 from host."}}
[debug] [2022-02-11T20:05:16.689Z] defaultcredentials: writing to file C:\Users\Dante\AppData\Roaming\firebase\zhdufirebase_gmail_com_application_default_credentials.json
[debug] [2022-02-11T20:05:16.700Z] Setting GAC to C:\Users\Dante\AppData\Roaming\firebase\zhdufirebase_gmail_com_application_default_credentials.json {"metadata":{"emulator":{"name":"functions"},"message":"Setting GAC to C:\\Users\\Dante\\AppData\\Roaming\\firebase\\zhdufirebase_gmail_com_application_default_credentials.json"}}
[debug] [2022-02-11T20:05:16.703Z] >>> [apiv2][query] GET https://firebase.googleapis.com/v1beta1/projects/zhdu-auth-143a6/adminSdkConfig [none]
[debug] [2022-02-11T20:05:17.008Z] <<< [apiv2][status] GET https://firebase.googleapis.com/v1beta1/projects/zhdu-auth-143a6/adminSdkConfig 200
[debug] [2022-02-11T20:05:17.008Z] <<< [apiv2][body] GET https://firebase.googleapis.com/v1beta1/projects/zhdu-auth-143a6/adminSdkConfig {"projectId":"zhdu-auth-143a6","databaseURL":"https://zhdu-auth-143a6-default-rtdb.firebaseio.com","storageBucket":"zhdu-auth-143a6.appspot.com","locationId":"europe-west"}
[warn] !  firestore: Did not find a Cloud Firestore rules file specified in a firebase.json config file. {"metadata":{"emulator":{"name":"firestore"},"message":"Did not find a Cloud Firestore rules file specified in a firebase.json config file."}}
[warn] !  firestore: The emulator will default to allowing all reads and writes. Learn more about this option: https://firebase.google.com/docs/emulator-suite/install_and_configure#security_rules_configuration. {"metadata":{"emulator":{"name":"firestore"},"message":"The emulator will default to allowing all reads and writes. Learn more about this option: https://firebase.google.com/docs/emulator-suite/install_and_configure#security_rules_configuration."}}
[debug] [2022-02-11T20:05:17.032Z] Ignoring unsupported arg: projectId {"metadata":{"emulator":{"name":"firestore"},"message":"Ignoring unsupported arg: projectId"}}
[debug] [2022-02-11T20:05:17.033Z] Ignoring unsupported arg: auto_download {"metadata":{"emulator":{"name":"firestore"},"message":"Ignoring unsupported arg: auto_download"}}
[debug] [2022-02-11T20:05:17.033Z] Starting Firestore Emulator with command {"binary":"java","args":["-Dgoogle.cloud_firestore.debug_log_level=FINE","-Duser.language=en","-jar","C:\\Users\\Dante\\.cache\\firebase\\emulators\\cloud-firestore-emulator-v1.13.1.jar","--host","localhost","--port",9097,"--functions_emulator","localhost:9098"],"optionalArgs":["port","webchannel_port","host","rules","functions_emulator","seed_from_export"],"joinArgs":false} {"metadata":{"emulator":{"name":"firestore"},"message":"Starting Firestore Emulator with command {\"binary\":\"java\",\"args\":[\"-Dgoogle.cloud_firestore.debug_log_level=FINE\",\"-Duser.language=en\",\"-jar\",\"C:\\\\Users\\\\Dante\\\\.cache\\\\firebase\\\\emulators\\\\cloud-firestore-emulator-v1.13.1.jar\",\"--host\",\"localhost\",\"--port\",9097,\"--functions_emulator\",\"localhost:9098\"],\"optionalArgs\":[\"port\",\"webchannel_port\",\"host\",\"rules\",\"functions_emulator\",\"seed_from_export\"],\"joinArgs\":false}"}}
[info] i  firestore: Firestore Emulator logging to firestore-debug.log {"metadata":{"emulator":{"name":"firestore"},"message":"Firestore Emulator logging to \u001b[1mfirestore-debug.log\u001b[22m"}}
[debug] [2022-02-11T20:05:22.162Z] Feb 11, 2022 9:05:22 PM com.google.cloud.datastore.emulator.firestore.websocket.WebSocketServer start
INFO: Started WebSocket server on ws://localhost:56353
 {"metadata":{"emulator":{"name":"firestore"},"message":"Feb 11, 2022 9:05:22 PM com.google.cloud.datastore.emulator.firestore.websocket.WebSocketServer start\r\nINFO: Started WebSocket server on ws://localhost:56353\r\n"}}
[debug] [2022-02-11T20:05:22.243Z] API endpoint: http://localhost: {"metadata":{"emulator":{"name":"firestore"},"message":"API endpoint: http://localhost:"}}
[debug] [2022-02-11T20:05:22.243Z] 9097
If you are using a library that supports the FIRESTORE_EMULATOR_HOST environment variable, run:

   export FIRESTORE_EMULATOR_HOST=localhost:9097

Dev App Server is now running.

 {"metadata":{"emulator":{"name":"firestore"},"message":"9097\nIf you are using a library that supports the FIRESTORE_EMULATOR_HOST environment variable, run:\r\n\n   export FIRESTORE_EMULATOR_HOST=localhost:9097\n\nDev App Server is now running.\n\r\n"}}
[debug] [2022-02-11T20:05:35.121Z] Ignoring unsupported arg: auto_download {"metadata":{"emulator":{"name":"ui"},"message":"Ignoring unsupported arg: auto_download"}}
[debug] [2022-02-11T20:05:35.122Z] Ignoring unsupported arg: port {"metadata":{"emulator":{"name":"ui"},"message":"Ignoring unsupported arg: port"}}
[debug] [2022-02-11T20:05:35.122Z] Starting Emulator UI with command {"binary":"node","args":["C:\\Users\\Dante\\.cache\\firebase\\emulators\\ui-v1.6.4\\server.bundle.js"],"optionalArgs":[],"joinArgs":false} {"metadata":{"emulator":{"name":"ui"},"message":"Starting Emulator UI with command {\"binary\":\"node\",\"args\":[\"C:\\\\Users\\\\Dante\\\\.cache\\\\firebase\\\\emulators\\\\ui-v1.6.4\\\\server.bundle.js\"],\"optionalArgs\":[],\"joinArgs\":false}"}}
[info] i  ui: Emulator UI logging to ui-debug.log {"metadata":{"emulator":{"name":"ui"},"message":"Emulator UI logging to \u001b[1mui-debug.log\u001b[22m"}}
[debug] [2022-02-11T20:05:35.330Z] Web / API server started at localhost:4000
 {"metadata":{"emulator":{"name":"ui"},"message":"Web / API server started at localhost:4000\n"}}
[info] i  functions: Watching "C:\Users\Dante\Desktop\zhdu taman taman\taman taman\hell\hell\hell\hell\ZHDU--Vue-App\client\functions" for Cloud Functions... {"metadata":{"emulator":{"name":"functions"},"message":"Watching \"C:\\Users\\Dante\\Desktop\\zhdu taman taman\\taman taman\\hell\\hell\\hell\\hell\\ZHDU--Vue-App\\client\\functions\" for Cloud Functions..."}}
[debug] [2022-02-11T20:05:35.425Z] Validating nodejs source
[debug] [2022-02-11T20:05:39.968Z] > [functions] package.json contents: {
  "name": "functions",
  "description": "Cloud Functions for Firebase",
  "scripts": {
    "serve": "firebase emulators:start --only functions",
    "serve-all": "firebase emulators:start",
    "shell": "firebase functions:shell",
    "start": "npm run shell",
    "deploy": "firebase deploy --only functions",
    "logs": "firebase functions:log"
  },
  "engines": {
    "node": "16"
  },
  "main": "index.js",
  "dependencies": {
    "firebase-admin": "^9.8.0",
    "firebase-functions": "^3.14.1"
  },
  "devDependencies": {
    "firebase-functions-test": "^0.2.0"
  },
  "private": true
}
[debug] [2022-02-11T20:05:39.968Z] Building nodejs source
[debug] [2022-02-11T20:05:39.968Z] Analyzing nodejs backend spec
[debug] [2022-02-11T20:05:40.280Z] addAuthTrigger {"eventTrigger":{"eventType":"providers/firebase.auth/eventTypes/user.create","resource":"projects/zhdu-auth-143a6"}}
[info] +  functions[us-central1-addUserRole]: auth function initialized. {"metadata":{"emulator":{"name":"functions"},"message":"\u001b[1mauth\u001b[22m function initialized."}}
[info] 
┌─────────────────────────────────────────────────────────────┐
│ ✔  All emulators ready! It is now safe to connect your app. │
│ i  View Emulator UI at http://localhost:4000                │
└─────────────────────────────────────────────────────────────┘

┌────────────────┬────────────────┬─────────────────────────────────┐
│ Emulator       │ Host:Port      │ View in Emulator UI             │
├────────────────┼────────────────┼─────────────────────────────────┤
│ Authentication │ localhost:9099 │ http://localhost:4000/auth      │
├────────────────┼────────────────┼─────────────────────────────────┤
│ Functions      │ localhost:9098 │ http://localhost:4000/functions │
├────────────────┼────────────────┼─────────────────────────────────┤
│ Firestore      │ localhost:9097 │ http://localhost:4000/firestore │
└────────────────┴────────────────┴─────────────────────────────────┘
  Emulator Hub running at localhost:4400
  Other reserved ports: 4500

Issues? Report them at https://github.com/firebase/firebase-tools/issues and attach the *-debug.log files.
 
[debug] [2022-02-11T20:06:07.419Z] Feb 11, 2022 9:06:07 PM io.gapi.emulators.netty.HttpVersionRoutingHandler channelRead
INFO: Detected non-HTTP/2 connection.
 {"metadata":{"emulator":{"name":"firestore"},"message":"Feb 11, 2022 9:06:07 PM io.gapi.emulators.netty.HttpVersionRoutingHandler channelRead\r\nINFO: Detected non-HTTP/2 connection.\r\n"}}
[debug] [2022-02-11T20:06:07.842Z] Feb 11, 2022 9:06:07 PM com.google.cloud.datastore.emulator.firestore.websocket.WebSocketChannelHandler initChannel
INFO: Connected to new websocket client
 {"metadata":{"emulator":{"name":"firestore"},"message":"Feb 11, 2022 9:06:07 PM com.google.cloud.datastore.emulator.firestore.websocket.WebSocketChannelHandler initChannel\r\nINFO: Connected to new websocket client\r\n"}}
[debug] [2022-02-11T20:06:11.344Z] Feb 11, 2022 9:06:11 PM io.gapi.emulators.netty.HttpVersionRoutingHandler channelRead
INFO: Detected non-HTTP/2 connection.
 {"metadata":{"emulator":{"name":"firestore"},"message":"Feb 11, 2022 9:06:11 PM io.gapi.emulators.netty.HttpVersionRoutingHandler channelRead\r\nINFO: Detected non-HTTP/2 connection.\r\n"}}
[debug] [2022-02-11T20:06:12.508Z] Feb 11, 2022 9:06:12 PM com.google.cloud.datastore.emulator.firestore.websocket.WebSocketChannelHandler channelClosed
INFO: Websocket client disconnected
 {"metadata":{"emulator":{"name":"firestore"},"message":"Feb 11, 2022 9:06:12 PM com.google.cloud.datastore.emulator.firestore.websocket.WebSocketChannelHandler channelClosed\r\nINFO: Websocket client disconnected\r\n"}}
[debug] [2022-02-11T20:06:12.653Z] Feb 11, 2022 9:06:12 PM io.gapi.emulators.netty.HttpVersionRoutingHandler channelRead
INFO: Detected non-HTTP/2 connection.
 {"metadata":{"emulator":{"name":"firestore"},"message":"Feb 11, 2022 9:06:12 PM io.gapi.emulators.netty.HttpVersionRoutingHandler channelRead\r\nINFO: Detected non-HTTP/2 connection.\r\n"}}
[debug] [2022-02-11T20:06:13.053Z] Feb 11, 2022 9:06:13 PM com.google.cloud.datastore.emulator.firestore.websocket.WebSocketChannelHandler initChannel
INFO: Connected to new websocket client
 {"metadata":{"emulator":{"name":"firestore"},"message":"Feb 11, 2022 9:06:13 PM com.google.cloud.datastore.emulator.firestore.websocket.WebSocketChannelHandler initChannel\r\nINFO: Connected to new websocket client\r\n"}}
[debug] [2022-02-11T20:17:18.131Z] Feb 11, 2022 9:17:18 PM io.gapi.emulators.netty.HttpVersionRoutingHandler channelRead
INFO: Detected non-HTTP/2 connection.
 {"metadata":{"emulator":{"name":"firestore"},"message":"Feb 11, 2022 9:17:18 PM io.gapi.emulators.netty.HttpVersionRoutingHandler channelRead\r\nINFO: Detected non-HTTP/2 connection.\r\n"}}
[debug] [2022-02-11T20:21:04.053Z] >>> [apiv2][query] POST http://localhost:9098/functions/projects/zhdu-auth-143a6/trigger_multicast [none]
[debug] [2022-02-11T20:21:04.053Z] >>> [apiv2][body] POST http://localhost:9098/functions/projects/zhdu-auth-143a6/trigger_multicast {"eventId":"28680d61-6f5c-44c8-a240-c541fd1f1cd4","eventType":"providers/firebase.auth/eventTypes/user.create","resource":{"name":"projects/zhdu-auth-143a6","service":"firebaseauth.googleapis.com"},"params":{},"timestamp":"2022-02-11T20:21:04.051Z","data":{"uid":"Dn3tKRJf6k2nmpqN6nSAvHwaLV98","email":"db47425@ubt-uni.net","emailVerified":false,"metadata":{"creationTime":"1644610864039","lastSignInTime":"1644610864038"},"customClaims":{},"providerData":[{"providerId":"password","email":"db47425@ubt-uni.net","federatedId":"db47425@ubt-uni.net","rawId":"db47425@ubt-uni.net"}]}}
[debug] [2022-02-11T20:21:04.064Z] [work-queue] {"queueLength":1,"workRunningCount":0}
[debug] [2022-02-11T20:21:04.065Z] [work-queue] {"queueLength":0,"workRunningCount":1}
[debug] [2022-02-11T20:21:04.065Z] Accepted multicast request POST /functions/projects/zhdu-auth-143a6/trigger_multicast --> us-central1-addUserRole-0 {"metadata":{"emulator":{"name":"functions"},"message":"Accepted multicast request POST /functions/projects/zhdu-auth-143a6/trigger_multicast --> us-central1-addUserRole-0"}}
[debug] [2022-02-11T20:21:04.080Z] [worker-pool] addWorker(us-central1-addUserRole) {"metadata":{"emulator":{"name":"functions"},"message":"[worker-pool] addWorker(us-central1-addUserRole)"}}
[debug] [2022-02-11T20:21:04.081Z] [worker-pool] Adding worker with key us-central1-addUserRole, total=1 {"metadata":{"emulator":{"name":"functions"},"message":"[worker-pool] Adding worker with key us-central1-addUserRole, total=1"}}
[debug] [2022-02-11T20:21:04.081Z] [worker-pool] submitWork(triggerId=us-central1-addUserRole) {"metadata":{"emulator":{"name":"functions"},"message":"[worker-pool] submitWork(triggerId=us-central1-addUserRole)"}}
[debug] [2022-02-11T20:21:04.081Z] [worker-us-central1-addUserRole-32ebd5cd-1512-4d10-b0f1-2ca889c89044]: Assigning socketPath: \\?\pipe\C:\Users\Dante\Desktop\zhdu taman taman\taman taman\hell\hell\hell\hell\ZHDU--Vue-App\client\functions\15028 {"metadata":{"emulator":{"name":"functions"},"message":"[worker-us-central1-addUserRole-32ebd5cd-1512-4d10-b0f1-2ca889c89044]: Assigning socketPath: \\\\?\\pipe\\C:\\Users\\Dante\\Desktop\\zhdu taman taman\\taman taman\\hell\\hell\\hell\\hell\\ZHDU--Vue-App\\client\\functions\\15028"}}
[debug] [2022-02-11T20:21:04.082Z] [worker-us-central1-addUserRole-32ebd5cd-1512-4d10-b0f1-2ca889c89044]: BUSY {"metadata":{"emulator":{"name":"functions"},"message":"[worker-us-central1-addUserRole-32ebd5cd-1512-4d10-b0f1-2ca889c89044]: BUSY"}}
[debug] [2022-02-11T20:21:04.089Z] <<< [apiv2][status] POST http://localhost:9098/functions/projects/zhdu-auth-143a6/trigger_multicast 200
[debug] [2022-02-11T20:21:04.089Z] <<< [apiv2][body] POST http://localhost:9098/functions/projects/zhdu-auth-143a6/trigger_multicast {"status":"multicast_acknowledged"}
[debug] [2022-02-11T20:21:05.870Z] [runtime-status] [15028] Functions runtime initialized. {"cwd":"C:\\Users\\Dante\\Desktop\\zhdu taman taman\\taman taman\\hell\\hell\\hell\\hell\\ZHDU--Vue-App\\client\\functions","node_version":"16.13.0"} {"metadata":{"emulator":{"name":"functions"},"function":{"name":"us-central1-addUserRole"},"message":"[runtime-status] [15028] Functions runtime initialized. {\"cwd\":\"C:\\\\Users\\\\Dante\\\\Desktop\\\\zhdu taman taman\\\\taman taman\\\\hell\\\\hell\\\\hell\\\\hell\\\\ZHDU--Vue-App\\\\client\\\\functions\",\"node_version\":\"16.13.0\"}"}}
[debug] [2022-02-11T20:21:05.871Z] [runtime-status] [15028] Disabled runtime features: undefined {"metadata":{"emulator":{"name":"functions"},"function":{"name":"us-central1-addUserRole"},"message":"[runtime-status] [15028] Disabled runtime features: undefined"}}
[debug] [2022-02-11T20:21:05.877Z] [runtime-status] [15028] Resolved module firebase-admin {"declared":true,"installed":true,"version":"9.12.0","resolution":"C:\\Users\\Dante\\Desktop\\zhdu taman taman\\taman taman\\hell\\hell\\hell\\hell\\ZHDU--Vue-App\\client\\functions\\node_modules\\firebase-admin\\lib\\index.js"} {"metadata":{"emulator":{"name":"functions"},"function":{"name":"us-central1-addUserRole"},"message":"[runtime-status] [15028] Resolved module firebase-admin {\"declared\":true,\"installed\":true,\"version\":\"9.12.0\",\"resolution\":\"C:\\\\Users\\\\Dante\\\\Desktop\\\\zhdu taman taman\\\\taman taman\\\\hell\\\\hell\\\\hell\\\\hell\\\\ZHDU--Vue-App\\\\client\\\\functions\\\\node_modules\\\\firebase-admin\\\\lib\\\\index.js\"}"}}
[debug] [2022-02-11T20:21:05.879Z] [runtime-status] [15028] Resolved module firebase-functions {"declared":true,"installed":true,"version":"3.18.0","resolution":"C:\\Users\\Dante\\Desktop\\zhdu taman taman\\taman taman\\hell\\hell\\hell\\hell\\ZHDU--Vue-App\\client\\functions\\node_modules\\firebase-functions\\lib\\index.js"} {"metadata":{"emulator":{"name":"functions"},"function":{"name":"us-central1-addUserRole"},"message":"[runtime-status] [15028] Resolved module firebase-functions {\"declared\":true,\"installed\":true,\"version\":\"3.18.0\",\"resolution\":\"C:\\\\Users\\\\Dante\\\\Desktop\\\\zhdu taman taman\\\\taman taman\\\\hell\\\\hell\\\\hell\\\\hell\\\\ZHDU--Vue-App\\\\client\\\\functions\\\\node_modules\\\\firebase-functions\\\\lib\\\\index.js\"}"}}
[debug] [2022-02-11T20:21:05.880Z] [runtime-status] [15028] Outgoing network have been stubbed. [{"name":"http","status":"mocked"},{"name":"http","status":"mocked"},{"name":"https","status":"mocked"},{"name":"https","status":"mocked"},{"name":"net","status":"mocked"}] {"metadata":{"emulator":{"name":"functions"},"function":{"name":"us-central1-addUserRole"},"message":"[runtime-status] [15028] Outgoing network have been stubbed. [{\"name\":\"http\",\"status\":\"mocked\"},{\"name\":\"http\",\"status\":\"mocked\"},{\"name\":\"https\",\"status\":\"mocked\"},{\"name\":\"https\",\"status\":\"mocked\"},{\"name\":\"net\",\"status\":\"mocked\"}]"}}
[debug] [2022-02-11T20:21:05.881Z] [runtime-status] [15028] Resolved module firebase-functions {"declared":true,"installed":true,"version":"3.18.0","resolution":"C:\\Users\\Dante\\Desktop\\zhdu taman taman\\taman taman\\hell\\hell\\hell\\hell\\ZHDU--Vue-App\\client\\functions\\node_modules\\firebase-functions\\lib\\index.js"} {"metadata":{"emulator":{"name":"functions"},"function":{"name":"us-central1-addUserRole"},"message":"[runtime-status] [15028] Resolved module firebase-functions {\"declared\":true,\"installed\":true,\"version\":\"3.18.0\",\"resolution\":\"C:\\\\Users\\\\Dante\\\\Desktop\\\\zhdu taman taman\\\\taman taman\\\\hell\\\\hell\\\\hell\\\\hell\\\\ZHDU--Vue-App\\\\client\\\\functions\\\\node_modules\\\\firebase-functions\\\\lib\\\\index.js\"}"}}
[debug] [2022-02-11T20:21:05.956Z] [runtime-status] [15028] Checked functions.config() {"config":{}} {"metadata":{"emulator":{"name":"functions"},"function":{"name":"us-central1-addUserRole"},"message":"[runtime-status] [15028] Checked functions.config() {\"config\":{}}"}}
[debug] [2022-02-11T20:21:05.956Z] [runtime-status] [15028] firebase-functions has been stubbed. {"functionsResolution":{"declared":true,"installed":true,"version":"3.18.0","resolution":"C:\\Users\\Dante\\Desktop\\zhdu taman taman\\taman taman\\hell\\hell\\hell\\hell\\ZHDU--Vue-App\\client\\functions\\node_modules\\firebase-functions\\lib\\index.js"}} {"metadata":{"emulator":{"name":"functions"},"function":{"name":"us-central1-addUserRole"},"message":"[runtime-status] [15028] firebase-functions has been stubbed. {\"functionsResolution\":{\"declared\":true,\"installed\":true,\"version\":\"3.18.0\",\"resolution\":\"C:\\\\Users\\\\Dante\\\\Desktop\\\\zhdu taman taman\\\\taman taman\\\\hell\\\\hell\\\\hell\\\\hell\\\\ZHDU--Vue-App\\\\client\\\\functions\\\\node_modules\\\\firebase-functions\\\\lib\\\\index.js\"}}"}}
[debug] [2022-02-11T20:21:05.958Z] [runtime-status] [15028] Resolved module firebase-functions {"declared":true,"installed":true,"version":"3.18.0","resolution":"C:\\Users\\Dante\\Desktop\\zhdu taman taman\\taman taman\\hell\\hell\\hell\\hell\\ZHDU--Vue-App\\client\\functions\\node_modules\\firebase-functions\\lib\\index.js"} {"metadata":{"emulator":{"name":"functions"},"function":{"name":"us-central1-addUserRole"},"message":"[runtime-status] [15028] Resolved module firebase-functions {\"declared\":true,\"installed\":true,\"version\":\"3.18.0\",\"resolution\":\"C:\\\\Users\\\\Dante\\\\Desktop\\\\zhdu taman taman\\\\taman taman\\\\hell\\\\hell\\\\hell\\\\hell\\\\ZHDU--Vue-App\\\\client\\\\functions\\\\node_modules\\\\firebase-functions\\\\lib\\\\index.js\"}"}}
[debug] [2022-02-11T20:21:05.963Z] [runtime-status] [15028] Resolved module firebase-admin {"declared":true,"installed":true,"version":"9.12.0","resolution":"C:\\Users\\Dante\\Desktop\\zhdu taman taman\\taman taman\\hell\\hell\\hell\\hell\\ZHDU--Vue-App\\client\\functions\\node_modules\\firebase-admin\\lib\\index.js"} {"metadata":{"emulator":{"name":"functions"},"function":{"name":"us-central1-addUserRole"},"message":"[runtime-status] [15028] Resolved module firebase-admin {\"declared\":true,\"installed\":true,\"version\":\"9.12.0\",\"resolution\":\"C:\\\\Users\\\\Dante\\\\Desktop\\\\zhdu taman taman\\\\taman taman\\\\hell\\\\hell\\\\hell\\\\hell\\\\ZHDU--Vue-App\\\\client\\\\functions\\\\node_modules\\\\firebase-admin\\\\lib\\\\index.js\"}"}}
[debug] [2022-02-11T20:21:05.964Z] [runtime-status] [15028] Resolved module firebase-functions {"declared":true,"installed":true,"version":"3.18.0","resolution":"C:\\Users\\Dante\\Desktop\\zhdu taman taman\\taman taman\\hell\\hell\\hell\\hell\\ZHDU--Vue-App\\client\\functions\\node_modules\\firebase-functions\\lib\\index.js"} {"metadata":{"emulator":{"name":"functions"},"function":{"name":"us-central1-addUserRole"},"message":"[runtime-status] [15028] Resolved module firebase-functions {\"declared\":true,\"installed\":true,\"version\":\"3.18.0\",\"resolution\":\"C:\\\\Users\\\\Dante\\\\Desktop\\\\zhdu taman taman\\\\taman taman\\\\hell\\\\hell\\\\hell\\\\hell\\\\ZHDU--Vue-App\\\\client\\\\functions\\\\node_modules\\\\firebase-functions\\\\lib\\\\index.js\"}"}}
[debug] [2022-02-11T20:21:05.965Z] [runtime-status] [15028] firebase-admin has been stubbed. {"adminResolution":{"declared":true,"installed":true,"version":"9.12.0","resolution":"C:\\Users\\Dante\\Desktop\\zhdu taman taman\\taman taman\\hell\\hell\\hell\\hell\\ZHDU--Vue-App\\client\\functions\\node_modules\\firebase-admin\\lib\\index.js"}} {"metadata":{"emulator":{"name":"functions"},"function":{"name":"us-central1-addUserRole"},"message":"[runtime-status] [15028] firebase-admin has been stubbed. {\"adminResolution\":{\"declared\":true,\"installed\":true,\"version\":\"9.12.0\",\"resolution\":\"C:\\\\Users\\\\Dante\\\\Desktop\\\\zhdu taman taman\\\\taman taman\\\\hell\\\\hell\\\\hell\\\\hell\\\\ZHDU--Vue-App\\\\client\\\\functions\\\\node_modules\\\\firebase-admin\\\\lib\\\\index.js\"}}"}}
[debug] [2022-02-11T20:21:05.968Z] [runtime-status] [15028] initializeApp(DEFAULT) {"storageBucket":"zhdu-auth-143a6.appspot.com","databaseURL":"https://zhdu-auth-143a6-default-rtdb.firebaseio.com","projectId":"zhdu-auth-143a6"} {"metadata":{"emulator":{"name":"functions"},"function":{"name":"us-central1-addUserRole"},"message":"[runtime-status] [15028] initializeApp(DEFAULT) {\"storageBucket\":\"zhdu-auth-143a6.appspot.com\",\"databaseURL\":\"https://zhdu-auth-143a6-default-rtdb.firebaseio.com\",\"projectId\":\"zhdu-auth-143a6\"}"}}
[debug] [2022-02-11T20:21:06.005Z] [runtime-status] [15028] Beginning invocation function addUserRole! {"metadata":{"emulator":{"name":"functions"},"function":{"name":"us-central1-addUserRole"},"message":"[runtime-status] [15028] Beginning invocation function addUserRole!"}}
[info] i  functions: Beginning execution of "addUserRole" {"metadata":{"emulator":{"name":"functions"},"function":{"name":"us-central1-addUserRole"},"message":"Beginning execution of \"addUserRole\""}}
[debug] [2022-02-11T20:21:06.006Z] [runtime-status] [15028] Running addUserRole in signature event {"metadata":{"emulator":{"name":"functions"},"function":{"name":"us-central1-addUserRole"},"message":"[runtime-status] [15028] Running addUserRole in signature event"}}
[debug] [2022-02-11T20:21:06.007Z] [runtime-status] [15028] ProcessBackground {"eventId":"28680d61-6f5c-44c8-a240-c541fd1f1cd4","eventType":"providers/firebase.auth/eventTypes/user.create","resource":{"name":"projects/zhdu-auth-143a6","service":"firebaseauth.googleapis.com"},"params":{},"timestamp":"2022-02-11T20:21:04.051Z","data":{"uid":"Dn3tKRJf6k2nmpqN6nSAvHwaLV98","email":"db47425@ubt-uni.net","emailVerified":false,"metadata":{"creationTime":"1644610864039","lastSignInTime":"1644610864038"},"customClaims":{},"providerData":[{"providerId":"password","email":"db47425@ubt-uni.net","federatedId":"db47425@ubt-uni.net","rawId":"db47425@ubt-uni.net"}]}} {"metadata":{"emulator":{"name":"functions"},"function":{"name":"us-central1-addUserRole"},"message":"[runtime-status] [15028] ProcessBackground {\"eventId\":\"28680d61-6f5c-44c8-a240-c541fd1f1cd4\",\"eventType\":\"providers/firebase.auth/eventTypes/user.create\",\"resource\":{\"name\":\"projects/zhdu-auth-143a6\",\"service\":\"firebaseauth.googleapis.com\"},\"params\":{},\"timestamp\":\"2022-02-11T20:21:04.051Z\",\"data\":{\"uid\":\"Dn3tKRJf6k2nmpqN6nSAvHwaLV98\",\"email\":\"db47425@ubt-uni.net\",\"emailVerified\":false,\"metadata\":{\"creationTime\":\"1644610864039\",\"lastSignInTime\":\"1644610864038\"},\"customClaims\":{},\"providerData\":[{\"providerId\":\"password\",\"email\":\"db47425@ubt-uni.net\",\"federatedId\":\"db47425@ubt-uni.net\",\"rawId\":\"db47425@ubt-uni.net\"}]}}"}}
[debug] [2022-02-11T20:21:06.007Z] [runtime-status] [15028] ProcessBackground: lifting resource.name from resource {"name":"projects/zhdu-auth-143a6","service":"firebaseauth.googleapis.com"} {"metadata":{"emulator":{"name":"functions"},"function":{"name":"us-central1-addUserRole"},"message":"[runtime-status] [15028] ProcessBackground: lifting resource.name from resource {\"name\":\"projects/zhdu-auth-143a6\",\"service\":\"firebaseauth.googleapis.com\"}"}}
[debug] [2022-02-11T20:21:06.008Z] [runtime-status] [15028] RunBackground {"data":{"uid":"Dn3tKRJf6k2nmpqN6nSAvHwaLV98","email":"db47425@ubt-uni.net","emailVerified":false,"metadata":{"creationTime":"1644610864039","lastSignInTime":"1644610864038"},"customClaims":{},"providerData":[{"providerId":"password","email":"db47425@ubt-uni.net","federatedId":"db47425@ubt-uni.net","rawId":"db47425@ubt-uni.net"}]},"context":{"eventId":"28680d61-6f5c-44c8-a240-c541fd1f1cd4","eventType":"providers/firebase.auth/eventTypes/user.create","resource":"projects/zhdu-auth-143a6","params":{},"timestamp":"2022-02-11T20:21:04.051Z"}} {"metadata":{"emulator":{"name":"functions"},"function":{"name":"us-central1-addUserRole"},"message":"[runtime-status] [15028] RunBackground {\"data\":{\"uid\":\"Dn3tKRJf6k2nmpqN6nSAvHwaLV98\",\"email\":\"db47425@ubt-uni.net\",\"emailVerified\":false,\"metadata\":{\"creationTime\":\"1644610864039\",\"lastSignInTime\":\"1644610864038\"},\"customClaims\":{},\"providerData\":[{\"providerId\":\"password\",\"email\":\"db47425@ubt-uni.net\",\"federatedId\":\"db47425@ubt-uni.net\",\"rawId\":\"db47425@ubt-uni.net\"}]},\"context\":{\"eventId\":\"28680d61-6f5c-44c8-a240-c541fd1f1cd4\",\"eventType\":\"providers/firebase.auth/eventTypes/user.create\",\"resource\":\"projects/zhdu-auth-143a6\",\"params\":{},\"timestamp\":\"2022-02-11T20:21:04.051Z\"}}"}}
[debug] [2022-02-11T20:21:07.992Z] Feb 11, 2022 9:21:07 PM io.gapi.emulators.netty.HttpVersionRoutingHandler channelRead
INFO: Detected HTTP/2 connection.
 {"metadata":{"emulator":{"name":"firestore"},"message":"Feb 11, 2022 9:21:07 PM io.gapi.emulators.netty.HttpVersionRoutingHandler channelRead\r\nINFO: Detected HTTP/2 connection.\r\n"}}
[debug] [2022-02-11T20:21:09.754Z] [runtime-status] [15028] Ephemeral server survived. {"metadata":{"emulator":{"name":"functions"},"function":{"name":"us-central1-addUserRole"},"message":"[runtime-status] [15028] Ephemeral server survived."}}
[info] i  functions: Finished "addUserRole" in ~2s {"metadata":{"emulator":{"name":"functions"},"function":{"name":"us-central1-addUserRole"},"message":"Finished \"addUserRole\" in ~2s"}}
[debug] [2022-02-11T20:21:09.756Z] [worker-us-central1-addUserRole-32ebd5cd-1512-4d10-b0f1-2ca889c89044]: IDLE {"metadata":{"emulator":{"name":"functions"},"message":"[worker-us-central1-addUserRole-32ebd5cd-1512-4d10-b0f1-2ca889c89044]: IDLE"}}
[debug] [2022-02-11T20:21:09.756Z] [work-queue] {"queueLength":0,"workRunningCount":0}
[debug] [2022-02-11T20:21:18.576Z] >>> [apiv2][query] POST http://localhost:9098/functions/projects/zhdu-auth-143a6/trigger_multicast [none]
[debug] [2022-02-11T20:21:18.576Z] >>> [apiv2][body] POST http://localhost:9098/functions/projects/zhdu-auth-143a6/trigger_multicast {"eventId":"bd6773b6-b897-4199-9707-3973f8b65978","eventType":"providers/firebase.auth/eventTypes/user.create","resource":{"name":"projects/zhdu-auth-143a6","service":"firebaseauth.googleapis.com"},"params":{},"timestamp":"2022-02-11T20:21:18.575Z","data":{"uid":"jIrVG0vwEhSq9xX8VD3dDbu6cdBn","email":"db47415@ubt-uni.net","emailVerified":false,"metadata":{"creationTime":"1644610878575","lastSignInTime":"1644610878575"},"customClaims":{},"providerData":[{"providerId":"password","email":"db47415@ubt-uni.net","federatedId":"db47415@ubt-uni.net","rawId":"db47415@ubt-uni.net"}]}}
[debug] [2022-02-11T20:21:18.581Z] [work-queue] {"queueLength":1,"workRunningCount":0}
[debug] [2022-02-11T20:21:18.582Z] [work-queue] {"queueLength":0,"workRunningCount":1}
[debug] [2022-02-11T20:21:18.582Z] Accepted multicast request POST /functions/projects/zhdu-auth-143a6/trigger_multicast --> us-central1-addUserRole-0 {"metadata":{"emulator":{"name":"functions"},"message":"Accepted multicast request POST /functions/projects/zhdu-auth-143a6/trigger_multicast --> us-central1-addUserRole-0"}}
[debug] [2022-02-11T20:21:18.582Z] [worker-pool] submitWork(triggerId=us-central1-addUserRole) {"metadata":{"emulator":{"name":"functions"},"message":"[worker-pool] submitWork(triggerId=us-central1-addUserRole)"}}
[debug] [2022-02-11T20:21:18.582Z] [worker-us-central1-addUserRole-32ebd5cd-1512-4d10-b0f1-2ca889c89044]: Assigning socketPath: \\?\pipe\C:\Users\Dante\Desktop\zhdu taman taman\taman taman\hell\hell\hell\hell\ZHDU--Vue-App\client\functions\15028 {"metadata":{"emulator":{"name":"functions"},"message":"[worker-us-central1-addUserRole-32ebd5cd-1512-4d10-b0f1-2ca889c89044]: Assigning socketPath: \\\\?\\pipe\\C:\\Users\\Dante\\Desktop\\zhdu taman taman\\taman taman\\hell\\hell\\hell\\hell\\ZHDU--Vue-App\\client\\functions\\15028"}}
[debug] [2022-02-11T20:21:18.583Z] [worker-us-central1-addUserRole-32ebd5cd-1512-4d10-b0f1-2ca889c89044]: BUSY {"metadata":{"emulator":{"name":"functions"},"message":"[worker-us-central1-addUserRole-32ebd5cd-1512-4d10-b0f1-2ca889c89044]: BUSY"}}
[debug] [2022-02-11T20:21:18.587Z] <<< [apiv2][status] POST http://localhost:9098/functions/projects/zhdu-auth-143a6/trigger_multicast 200
[debug] [2022-02-11T20:21:18.587Z] <<< [apiv2][body] POST http://localhost:9098/functions/projects/zhdu-auth-143a6/trigger_multicast {"status":"multicast_acknowledged"}
[debug] [2022-02-11T20:21:18.588Z] [runtime-status] [15028] Beginning invocation function addUserRole! {"metadata":{"emulator":{"name":"functions"},"function":{"name":"us-central1-addUserRole"},"message":"[runtime-status] [15028] Beginning invocation function addUserRole!"}}
[info] i  functions: Beginning execution of "addUserRole" {"metadata":{"emulator":{"name":"functions"},"function":{"name":"us-central1-addUserRole"},"message":"Beginning execution of \"addUserRole\""}}
[debug] [2022-02-11T20:21:18.588Z] [runtime-status] [15028] Running addUserRole in signature event {"metadata":{"emulator":{"name":"functions"},"function":{"name":"us-central1-addUserRole"},"message":"[runtime-status] [15028] Running addUserRole in signature event"}}
[debug] [2022-02-11T20:21:18.589Z] [runtime-status] [15028] ProcessBackground {"eventId":"bd6773b6-b897-4199-9707-3973f8b65978","eventType":"providers/firebase.auth/eventTypes/user.create","resource":{"name":"projects/zhdu-auth-143a6","service":"firebaseauth.googleapis.com"},"params":{},"timestamp":"2022-02-11T20:21:18.575Z","data":{"uid":"jIrVG0vwEhSq9xX8VD3dDbu6cdBn","email":"db47415@ubt-uni.net","emailVerified":false,"metadata":{"creationTime":"1644610878575","lastSignInTime":"1644610878575"},"customClaims":{},"providerData":[{"providerId":"password","email":"db47415@ubt-uni.net","federatedId":"db47415@ubt-uni.net","rawId":"db47415@ubt-uni.net"}]}} {"metadata":{"emulator":{"name":"functions"},"function":{"name":"us-central1-addUserRole"},"message":"[runtime-status] [15028] ProcessBackground {\"eventId\":\"bd6773b6-b897-4199-9707-3973f8b65978\",\"eventType\":\"providers/firebase.auth/eventTypes/user.create\",\"resource\":{\"name\":\"projects/zhdu-auth-143a6\",\"service\":\"firebaseauth.googleapis.com\"},\"params\":{},\"timestamp\":\"2022-02-11T20:21:18.575Z\",\"data\":{\"uid\":\"jIrVG0vwEhSq9xX8VD3dDbu6cdBn\",\"email\":\"db47415@ubt-uni.net\",\"emailVerified\":false,\"metadata\":{\"creationTime\":\"1644610878575\",\"lastSignInTime\":\"1644610878575\"},\"customClaims\":{},\"providerData\":[{\"providerId\":\"password\",\"email\":\"db47415@ubt-uni.net\",\"federatedId\":\"db47415@ubt-uni.net\",\"rawId\":\"db47415@ubt-uni.net\"}]}}"}}
[debug] [2022-02-11T20:21:18.589Z] [runtime-status] [15028] ProcessBackground: lifting resource.name from resource {"name":"projects/zhdu-auth-143a6","service":"firebaseauth.googleapis.com"} {"metadata":{"emulator":{"name":"functions"},"function":{"name":"us-central1-addUserRole"},"message":"[runtime-status] [15028] ProcessBackground: lifting resource.name from resource {\"name\":\"projects/zhdu-auth-143a6\",\"service\":\"firebaseauth.googleapis.com\"}"}}
[debug] [2022-02-11T20:21:18.589Z] [runtime-status] [15028] RunBackground {"data":{"uid":"jIrVG0vwEhSq9xX8VD3dDbu6cdBn","email":"db47415@ubt-uni.net","emailVerified":false,"metadata":{"creationTime":"1644610878575","lastSignInTime":"1644610878575"},"customClaims":{},"providerData":[{"providerId":"password","email":"db47415@ubt-uni.net","federatedId":"db47415@ubt-uni.net","rawId":"db47415@ubt-uni.net"}]},"context":{"eventId":"bd6773b6-b897-4199-9707-3973f8b65978","eventType":"providers/firebase.auth/eventTypes/user.create","resource":"projects/zhdu-auth-143a6","params":{},"timestamp":"2022-02-11T20:21:18.575Z"}} {"metadata":{"emulator":{"name":"functions"},"function":{"name":"us-central1-addUserRole"},"message":"[runtime-status] [15028] RunBackground {\"data\":{\"uid\":\"jIrVG0vwEhSq9xX8VD3dDbu6cdBn\",\"email\":\"db47415@ubt-uni.net\",\"emailVerified\":false,\"metadata\":{\"creationTime\":\"1644610878575\",\"lastSignInTime\":\"1644610878575\"},\"customClaims\":{},\"providerData\":[{\"providerId\":\"password\",\"email\":\"db47415@ubt-uni.net\",\"federatedId\":\"db47415@ubt-uni.net\",\"rawId\":\"db47415@ubt-uni.net\"}]},\"context\":{\"eventId\":\"bd6773b6-b897-4199-9707-3973f8b65978\",\"eventType\":\"providers/firebase.auth/eventTypes/user.create\",\"resource\":\"projects/zhdu-auth-143a6\",\"params\":{},\"timestamp\":\"2022-02-11T20:21:18.575Z\"}}"}}
[debug] [2022-02-11T20:21:18.610Z] [runtime-status] [15028] Ephemeral server survived. {"metadata":{"emulator":{"name":"functions"},"function":{"name":"us-central1-addUserRole"},"message":"[runtime-status] [15028] Ephemeral server survived."}}
[info] i  functions: Finished "addUserRole" in ~1s {"metadata":{"emulator":{"name":"functions"},"function":{"name":"us-central1-addUserRole"},"message":"Finished \"addUserRole\" in ~1s"}}
[debug] [2022-02-11T20:21:18.611Z] [worker-us-central1-addUserRole-32ebd5cd-1512-4d10-b0f1-2ca889c89044]: IDLE {"metadata":{"emulator":{"name":"functions"},"message":"[worker-us-central1-addUserRole-32ebd5cd-1512-4d10-b0f1-2ca889c89044]: IDLE"}}
[debug] [2022-02-11T20:21:18.611Z] [work-queue] {"queueLength":0,"workRunningCount":0}
[debug] [2022-02-11T20:21:45.745Z] >>> [apiv2][query] POST http://localhost:9098/functions/projects/zhdu-auth-143a6/trigger_multicast [none]
[debug] [2022-02-11T20:21:45.745Z] >>> [apiv2][body] POST http://localhost:9098/functions/projects/zhdu-auth-143a6/trigger_multicast {"eventId":"19197257-5174-46e4-b2db-5b6166a0a066","eventType":"providers/firebase.auth/eventTypes/user.create","resource":{"name":"projects/zhdu-auth-143a6","service":"firebaseauth.googleapis.com"},"params":{},"timestamp":"2022-02-11T20:21:45.745Z","data":{"uid":"VUvjep4sxaENVnVHXaAW1XSlHqIB","email":"dante@gmail.com","emailVerified":false,"metadata":{"creationTime":"1644610905745","lastSignInTime":"1644610905745"},"customClaims":{},"providerData":[{"providerId":"password","email":"dante@gmail.com","federatedId":"dante@gmail.com","rawId":"dante@gmail.com"}]}}
[debug] [2022-02-11T20:21:45.749Z] [work-queue] {"queueLength":1,"workRunningCount":0}
[debug] [2022-02-11T20:21:45.750Z] [work-queue] {"queueLength":0,"workRunningCount":1}
[debug] [2022-02-11T20:21:45.750Z] Accepted multicast request POST /functions/projects/zhdu-auth-143a6/trigger_multicast --> us-central1-addUserRole-0 {"metadata":{"emulator":{"name":"functions"},"message":"Accepted multicast request POST /functions/projects/zhdu-auth-143a6/trigger_multicast --> us-central1-addUserRole-0"}}
[debug] [2022-02-11T20:21:45.751Z] [worker-pool] submitWork(triggerId=us-central1-addUserRole) {"metadata":{"emulator":{"name":"functions"},"message":"[worker-pool] submitWork(triggerId=us-central1-addUserRole)"}}
[debug] [2022-02-11T20:21:45.751Z] [worker-us-central1-addUserRole-32ebd5cd-1512-4d10-b0f1-2ca889c89044]: Assigning socketPath: \\?\pipe\C:\Users\Dante\Desktop\zhdu taman taman\taman taman\hell\hell\hell\hell\ZHDU--Vue-App\client\functions\15028 {"metadata":{"emulator":{"name":"functions"},"message":"[worker-us-central1-addUserRole-32ebd5cd-1512-4d10-b0f1-2ca889c89044]: Assigning socketPath: \\\\?\\pipe\\C:\\Users\\Dante\\Desktop\\zhdu taman taman\\taman taman\\hell\\hell\\hell\\hell\\ZHDU--Vue-App\\client\\functions\\15028"}}
[debug] [2022-02-11T20:21:45.751Z] [worker-us-central1-addUserRole-32ebd5cd-1512-4d10-b0f1-2ca889c89044]: BUSY {"metadata":{"emulator":{"name":"functions"},"message":"[worker-us-central1-addUserRole-32ebd5cd-1512-4d10-b0f1-2ca889c89044]: BUSY"}}
[debug] [2022-02-11T20:21:45.755Z] <<< [apiv2][status] POST http://localhost:9098/functions/projects/zhdu-auth-143a6/trigger_multicast 200
[debug] [2022-02-11T20:21:45.755Z] <<< [apiv2][body] POST http://localhost:9098/functions/projects/zhdu-auth-143a6/trigger_multicast {"status":"multicast_acknowledged"}
[debug] [2022-02-11T20:21:45.755Z] [runtime-status] [15028] Beginning invocation function addUserRole! {"metadata":{"emulator":{"name":"functions"},"function":{"name":"us-central1-addUserRole"},"message":"[runtime-status] [15028] Beginning invocation function addUserRole!"}}
[info] i  functions: Beginning execution of "addUserRole" {"metadata":{"emulator":{"name":"functions"},"function":{"name":"us-central1-addUserRole"},"message":"Beginning execution of \"addUserRole\""}}
[debug] [2022-02-11T20:21:45.756Z] [runtime-status] [15028] Running addUserRole in signature event {"metadata":{"emulator":{"name":"functions"},"function":{"name":"us-central1-addUserRole"},"message":"[runtime-status] [15028] Running addUserRole in signature event"}}
[debug] [2022-02-11T20:21:45.756Z] [runtime-status] [15028] ProcessBackground {"eventId":"19197257-5174-46e4-b2db-5b6166a0a066","eventType":"providers/firebase.auth/eventTypes/user.create","resource":{"name":"projects/zhdu-auth-143a6","service":"firebaseauth.googleapis.com"},"params":{},"timestamp":"2022-02-11T20:21:45.745Z","data":{"uid":"VUvjep4sxaENVnVHXaAW1XSlHqIB","email":"dante@gmail.com","emailVerified":false,"metadata":{"creationTime":"1644610905745","lastSignInTime":"1644610905745"},"customClaims":{},"providerData":[{"providerId":"password","email":"dante@gmail.com","federatedId":"dante@gmail.com","rawId":"dante@gmail.com"}]}} {"metadata":{"emulator":{"name":"functions"},"function":{"name":"us-central1-addUserRole"},"message":"[runtime-status] [15028] ProcessBackground {\"eventId\":\"19197257-5174-46e4-b2db-5b6166a0a066\",\"eventType\":\"providers/firebase.auth/eventTypes/user.create\",\"resource\":{\"name\":\"projects/zhdu-auth-143a6\",\"service\":\"firebaseauth.googleapis.com\"},\"params\":{},\"timestamp\":\"2022-02-11T20:21:45.745Z\",\"data\":{\"uid\":\"VUvjep4sxaENVnVHXaAW1XSlHqIB\",\"email\":\"dante@gmail.com\",\"emailVerified\":false,\"metadata\":{\"creationTime\":\"1644610905745\",\"lastSignInTime\":\"1644610905745\"},\"customClaims\":{},\"providerData\":[{\"providerId\":\"password\",\"email\":\"dante@gmail.com\",\"federatedId\":\"dante@gmail.com\",\"rawId\":\"dante@gmail.com\"}]}}"}}
[debug] [2022-02-11T20:21:45.757Z] [runtime-status] [15028] ProcessBackground: lifting resource.name from resource {"name":"projects/zhdu-auth-143a6","service":"firebaseauth.googleapis.com"} {"metadata":{"emulator":{"name":"functions"},"function":{"name":"us-central1-addUserRole"},"message":"[runtime-status] [15028] ProcessBackground: lifting resource.name from resource {\"name\":\"projects/zhdu-auth-143a6\",\"service\":\"firebaseauth.googleapis.com\"}"}}
[debug] [2022-02-11T20:21:45.757Z] [runtime-status] [15028] RunBackground {"data":{"uid":"VUvjep4sxaENVnVHXaAW1XSlHqIB","email":"dante@gmail.com","emailVerified":false,"metadata":{"creationTime":"1644610905745","lastSignInTime":"1644610905745"},"customClaims":{},"providerData":[{"providerId":"password","email":"dante@gmail.com","federatedId":"dante@gmail.com","rawId":"dante@gmail.com"}]},"context":{"eventId":"19197257-5174-46e4-b2db-5b6166a0a066","eventType":"providers/firebase.auth/eventTypes/user.create","resource":"projects/zhdu-auth-143a6","params":{},"timestamp":"2022-02-11T20:21:45.745Z"}} {"metadata":{"emulator":{"name":"functions"},"function":{"name":"us-central1-addUserRole"},"message":"[runtime-status] [15028] RunBackground {\"data\":{\"uid\":\"VUvjep4sxaENVnVHXaAW1XSlHqIB\",\"email\":\"dante@gmail.com\",\"emailVerified\":false,\"metadata\":{\"creationTime\":\"1644610905745\",\"lastSignInTime\":\"1644610905745\"},\"customClaims\":{},\"providerData\":[{\"providerId\":\"password\",\"email\":\"dante@gmail.com\",\"federatedId\":\"dante@gmail.com\",\"rawId\":\"dante@gmail.com\"}]},\"context\":{\"eventId\":\"19197257-5174-46e4-b2db-5b6166a0a066\",\"eventType\":\"providers/firebase.auth/eventTypes/user.create\",\"resource\":\"projects/zhdu-auth-143a6\",\"params\":{},\"timestamp\":\"2022-02-11T20:21:45.745Z\"}}"}}
[debug] [2022-02-11T20:21:45.757Z] [runtime-status] [15028] Ephemeral server survived. {"metadata":{"emulator":{"name":"functions"},"function":{"name":"us-central1-addUserRole"},"message":"[runtime-status] [15028] Ephemeral server survived."}}
[info] i  functions: Finished "addUserRole" in ~1s {"metadata":{"emulator":{"name":"functions"},"function":{"name":"us-central1-addUserRole"},"message":"Finished \"addUserRole\" in ~1s"}}
[debug] [2022-02-11T20:21:45.758Z] [worker-us-central1-addUserRole-32ebd5cd-1512-4d10-b0f1-2ca889c89044]: IDLE {"metadata":{"emulator":{"name":"functions"},"message":"[worker-us-central1-addUserRole-32ebd5cd-1512-4d10-b0f1-2ca889c89044]: IDLE"}}
[debug] [2022-02-11T20:21:45.758Z] [work-queue] {"queueLength":0,"workRunningCount":0}
[debug] [2022-02-11T20:22:08.365Z] Feb 11, 2022 9:22:08 PM io.gapi.emulators.netty.HttpVersionRoutingHandler channelRead
INFO: Detected non-HTTP/2 connection.
 {"metadata":{"emulator":{"name":"firestore"},"message":"Feb 11, 2022 9:22:08 PM io.gapi.emulators.netty.HttpVersionRoutingHandler channelRead\r\nINFO: Detected non-HTTP/2 connection.\r\n"}}
[debug] [2022-02-11T20:22:55.686Z] >>> [apiv2][query] POST http://localhost:9098/functions/projects/zhdu-auth-143a6/trigger_multicast [none]
[debug] [2022-02-11T20:22:55.686Z] >>> [apiv2][body] POST http://localhost:9098/functions/projects/zhdu-auth-143a6/trigger_multicast {"eventId":"86a11767-0c14-48e3-97da-7fb9646978f7","eventType":"providers/firebase.auth/eventTypes/user.create","resource":{"name":"projects/zhdu-auth-143a6","service":"firebaseauth.googleapis.com"},"params":{},"timestamp":"2022-02-11T20:22:55.685Z","data":{"uid":"6zz0rPa2Aa3gffAjRrX49f1gxlO6","email":"qendresa@gmail.com","emailVerified":false,"metadata":{"creationTime":"1644610975685","lastSignInTime":"1644610975685"},"customClaims":{},"providerData":[{"providerId":"password","email":"qendresa@gmail.com","federatedId":"qendresa@gmail.com","rawId":"qendresa@gmail.com"}]}}
[debug] [2022-02-11T20:22:55.689Z] [work-queue] {"queueLength":1,"workRunningCount":0}
[debug] [2022-02-11T20:22:55.690Z] [work-queue] {"queueLength":0,"workRunningCount":1}
[debug] [2022-02-11T20:22:55.690Z] Accepted multicast request POST /functions/projects/zhdu-auth-143a6/trigger_multicast --> us-central1-addUserRole-0 {"metadata":{"emulator":{"name":"functions"},"message":"Accepted multicast request POST /functions/projects/zhdu-auth-143a6/trigger_multicast --> us-central1-addUserRole-0"}}
[debug] [2022-02-11T20:22:55.690Z] [worker-pool] submitWork(triggerId=us-central1-addUserRole) {"metadata":{"emulator":{"name":"functions"},"message":"[worker-pool] submitWork(triggerId=us-central1-addUserRole)"}}
[debug] [2022-02-11T20:22:55.690Z] [worker-us-central1-addUserRole-32ebd5cd-1512-4d10-b0f1-2ca889c89044]: Assigning socketPath: \\?\pipe\C:\Users\Dante\Desktop\zhdu taman taman\taman taman\hell\hell\hell\hell\ZHDU--Vue-App\client\functions\15028 {"metadata":{"emulator":{"name":"functions"},"message":"[worker-us-central1-addUserRole-32ebd5cd-1512-4d10-b0f1-2ca889c89044]: Assigning socketPath: \\\\?\\pipe\\C:\\Users\\Dante\\Desktop\\zhdu taman taman\\taman taman\\hell\\hell\\hell\\hell\\ZHDU--Vue-App\\client\\functions\\15028"}}
[debug] [2022-02-11T20:22:55.690Z] [worker-us-central1-addUserRole-32ebd5cd-1512-4d10-b0f1-2ca889c89044]: BUSY {"metadata":{"emulator":{"name":"functions"},"message":"[worker-us-central1-addUserRole-32ebd5cd-1512-4d10-b0f1-2ca889c89044]: BUSY"}}
[debug] [2022-02-11T20:22:55.694Z] <<< [apiv2][status] POST http://localhost:9098/functions/projects/zhdu-auth-143a6/trigger_multicast 200
[debug] [2022-02-11T20:22:55.694Z] <<< [apiv2][body] POST http://localhost:9098/functions/projects/zhdu-auth-143a6/trigger_multicast {"status":"multicast_acknowledged"}
[debug] [2022-02-11T20:22:55.694Z] [runtime-status] [15028] Beginning invocation function addUserRole! {"metadata":{"emulator":{"name":"functions"},"function":{"name":"us-central1-addUserRole"},"message":"[runtime-status] [15028] Beginning invocation function addUserRole!"}}
[info] i  functions: Beginning execution of "addUserRole" {"metadata":{"emulator":{"name":"functions"},"function":{"name":"us-central1-addUserRole"},"message":"Beginning execution of \"addUserRole\""}}
[debug] [2022-02-11T20:22:55.695Z] [runtime-status] [15028] Running addUserRole in signature event {"metadata":{"emulator":{"name":"functions"},"function":{"name":"us-central1-addUserRole"},"message":"[runtime-status] [15028] Running addUserRole in signature event"}}
[debug] [2022-02-11T20:22:55.695Z] [runtime-status] [15028] ProcessBackground {"eventId":"86a11767-0c14-48e3-97da-7fb9646978f7","eventType":"providers/firebase.auth/eventTypes/user.create","resource":{"name":"projects/zhdu-auth-143a6","service":"firebaseauth.googleapis.com"},"params":{},"timestamp":"2022-02-11T20:22:55.685Z","data":{"uid":"6zz0rPa2Aa3gffAjRrX49f1gxlO6","email":"qendresa@gmail.com","emailVerified":false,"metadata":{"creationTime":"1644610975685","lastSignInTime":"1644610975685"},"customClaims":{},"providerData":[{"providerId":"password","email":"qendresa@gmail.com","federatedId":"qendresa@gmail.com","rawId":"qendresa@gmail.com"}]}} {"metadata":{"emulator":{"name":"functions"},"function":{"name":"us-central1-addUserRole"},"message":"[runtime-status] [15028] ProcessBackground {\"eventId\":\"86a11767-0c14-48e3-97da-7fb9646978f7\",\"eventType\":\"providers/firebase.auth/eventTypes/user.create\",\"resource\":{\"name\":\"projects/zhdu-auth-143a6\",\"service\":\"firebaseauth.googleapis.com\"},\"params\":{},\"timestamp\":\"2022-02-11T20:22:55.685Z\",\"data\":{\"uid\":\"6zz0rPa2Aa3gffAjRrX49f1gxlO6\",\"email\":\"qendresa@gmail.com\",\"emailVerified\":false,\"metadata\":{\"creationTime\":\"1644610975685\",\"lastSignInTime\":\"1644610975685\"},\"customClaims\":{},\"providerData\":[{\"providerId\":\"password\",\"email\":\"qendresa@gmail.com\",\"federatedId\":\"qendresa@gmail.com\",\"rawId\":\"qendresa@gmail.com\"}]}}"}}
[debug] [2022-02-11T20:22:55.696Z] [runtime-status] [15028] ProcessBackground: lifting resource.name from resource {"name":"projects/zhdu-auth-143a6","service":"firebaseauth.googleapis.com"} {"metadata":{"emulator":{"name":"functions"},"function":{"name":"us-central1-addUserRole"},"message":"[runtime-status] [15028] ProcessBackground: lifting resource.name from resource {\"name\":\"projects/zhdu-auth-143a6\",\"service\":\"firebaseauth.googleapis.com\"}"}}
[debug] [2022-02-11T20:22:55.696Z] [runtime-status] [15028] RunBackground {"data":{"uid":"6zz0rPa2Aa3gffAjRrX49f1gxlO6","email":"qendresa@gmail.com","emailVerified":false,"metadata":{"creationTime":"1644610975685","lastSignInTime":"1644610975685"},"customClaims":{},"providerData":[{"providerId":"password","email":"qendresa@gmail.com","federatedId":"qendresa@gmail.com","rawId":"qendresa@gmail.com"}]},"context":{"eventId":"86a11767-0c14-48e3-97da-7fb9646978f7","eventType":"providers/firebase.auth/eventTypes/user.create","resource":"projects/zhdu-auth-143a6","params":{},"timestamp":"2022-02-11T20:22:55.685Z"}} {"metadata":{"emulator":{"name":"functions"},"function":{"name":"us-central1-addUserRole"},"message":"[runtime-status] [15028] RunBackground {\"data\":{\"uid\":\"6zz0rPa2Aa3gffAjRrX49f1gxlO6\",\"email\":\"qendresa@gmail.com\",\"emailVerified\":false,\"metadata\":{\"creationTime\":\"1644610975685\",\"lastSignInTime\":\"1644610975685\"},\"customClaims\":{},\"providerData\":[{\"providerId\":\"password\",\"email\":\"qendresa@gmail.com\",\"federatedId\":\"qendresa@gmail.com\",\"rawId\":\"qendresa@gmail.com\"}]},\"context\":{\"eventId\":\"86a11767-0c14-48e3-97da-7fb9646978f7\",\"eventType\":\"providers/firebase.auth/eventTypes/user.create\",\"resource\":\"projects/zhdu-auth-143a6\",\"params\":{},\"timestamp\":\"2022-02-11T20:22:55.685Z\"}}"}}
[debug] [2022-02-11T20:22:55.696Z] [runtime-status] [15028] Ephemeral server survived. {"metadata":{"emulator":{"name":"functions"},"function":{"name":"us-central1-addUserRole"},"message":"[runtime-status] [15028] Ephemeral server survived."}}
[info] i  functions: Finished "addUserRole" in ~1s {"metadata":{"emulator":{"name":"functions"},"function":{"name":"us-central1-addUserRole"},"message":"Finished \"addUserRole\" in ~1s"}}
[debug] [2022-02-11T20:22:55.697Z] [worker-us-central1-addUserRole-32ebd5cd-1512-4d10-b0f1-2ca889c89044]: IDLE {"metadata":{"emulator":{"name":"functions"},"message":"[worker-us-central1-addUserRole-32ebd5cd-1512-4d10-b0f1-2ca889c89044]: IDLE"}}
[debug] [2022-02-11T20:22:55.697Z] [work-queue] {"queueLength":0,"workRunningCount":0}
[debug] [2022-02-11T20:23:21.637Z] Feb 11, 2022 9:23:21 PM io.gapi.emulators.netty.HttpVersionRoutingHandler channelRead
INFO: Detected non-HTTP/2 connection.
 {"metadata":{"emulator":{"name":"firestore"},"message":"Feb 11, 2022 9:23:21 PM io.gapi.emulators.netty.HttpVersionRoutingHandler channelRead\r\nINFO: Detected non-HTTP/2 connection.\r\n"}}
[debug] [2022-02-11T20:23:22.036Z] Feb 11, 2022 9:23:22 PM com.google.cloud.datastore.emulator.firestore.websocket.WebSocketChannelHandler initChannel
INFO: Connected to new websocket client
 {"metadata":{"emulator":{"name":"firestore"},"message":"Feb 11, 2022 9:23:22 PM com.google.cloud.datastore.emulator.firestore.websocket.WebSocketChannelHandler initChannel\r\nINFO: Connected to new websocket client\r\n"}}
[debug] [2022-02-11T20:23:25.636Z] Feb 11, 2022 9:23:25 PM io.gapi.emulators.netty.HttpVersionRoutingHandler channelRead
INFO: Detected non-HTTP/2 connection.
 {"metadata":{"emulator":{"name":"firestore"},"message":"Feb 11, 2022 9:23:25 PM io.gapi.emulators.netty.HttpVersionRoutingHandler channelRead\r\nINFO: Detected non-HTTP/2 connection.\r\n"}}
[debug] [2022-02-11T20:23:27.652Z] Feb 11, 2022 9:23:27 PM io.gapi.emulators.netty.HttpVersionRoutingHandler channelRead
INFO: Detected non-HTTP/2 connection.
 {"metadata":{"emulator":{"name":"firestore"},"message":"Feb 11, 2022 9:23:27 PM io.gapi.emulators.netty.HttpVersionRoutingHandler channelRead\r\nINFO: Detected non-HTTP/2 connection.\r\n"}}
